{
  "RSpec": {
    "coverage": {
      "/home/gabriel/Documents/UnB/engenharia_software/camaar/CAMAAR/app/helpers/application_helper.rb": {
        "lines": [
          1,
          null
        ]
      },
      "/home/gabriel/Documents/UnB/engenharia_software/camaar/CAMAAR/app/mailers/password_setup_mailer.rb": {
        "lines": [
          null,
          1,
          1,
          null,
          1,
          71,
          71,
          null,
          71,
          null,
          null,
          null,
          null,
          null
        ]
      },
      "/home/gabriel/Documents/UnB/engenharia_software/camaar/CAMAAR/app/mailers/application_mailer.rb": {
        "lines": [
          1,
          1,
          1,
          null
        ]
      },
      "/home/gabriel/Documents/UnB/engenharia_software/camaar/CAMAAR/app/models/avaliacao.rb": {
        "lines": [
          null,
          null,
          null,
          null,
          null,
          null,
          null,
          null,
          null,
          null,
          null,
          null,
          null,
          null,
          null,
          null,
          null,
          null,
          1,
          1,
          null,
          1,
          null,
          null,
          null,
          null,
          null,
          1,
          1,
          1,
          null,
          1,
          1,
          null,
          1,
          null,
          1,
          1,
          null,
          null,
          null,
          null,
          null,
          null,
          null,
          null,
          null,
          null,
          null,
          null,
          null,
          null,
          1,
          88,
          null,
          null,
          null,
          null,
          null,
          null,
          null
        ]
      },
      "/home/gabriel/Documents/UnB/engenharia_software/camaar/CAMAAR/app/models/application_record.rb": {
        "lines": [
          1,
          1,
          null
        ]
      },
      "/home/gabriel/Documents/UnB/engenharia_software/camaar/CAMAAR/app/models/dicente.rb": {
        "lines": [
          null,
          null,
          null,
          null,
          null,
          null,
          null,
          null,
          null,
          null,
          null,
          null,
          null,
          null,
          1,
          1,
          1,
          1,
          1,
          null,
          1,
          null
        ]
      },
      "/home/gabriel/Documents/UnB/engenharia_software/camaar/CAMAAR/app/models/usuario.rb": {
        "lines": [
          null,
          null,
          null,
          null,
          null,
          null,
          null,
          null,
          null,
          null,
          null,
          null,
          null,
          null,
          null,
          1,
          1,
          null,
          1,
          null,
          1,
          1,
          1,
          1,
          null,
          null,
          null,
          null,
          null,
          null,
          null,
          1,
          null,
          null,
          null,
          null,
          null,
          null,
          null,
          1,
          null,
          null,
          null,
          null,
          null,
          null,
          null,
          1,
          3,
          null,
          null,
          null,
          null,
          null,
          null,
          null,
          null,
          1,
          302,
          null,
          null
        ]
      },
      "/home/gabriel/Documents/UnB/engenharia_software/camaar/CAMAAR/app/models/docente.rb": {
        "lines": [
          null,
          null,
          null,
          null,
          null,
          null,
          null,
          null,
          null,
          null,
          null,
          null,
          null,
          1,
          1,
          1,
          1,
          null,
          1,
          null
        ]
      },
      "/home/gabriel/Documents/UnB/engenharia_software/camaar/CAMAAR/app/models/materia.rb": {
        "lines": [
          null,
          null,
          null,
          null,
          null,
          null,
          null,
          null,
          null,
          null,
          1,
          1,
          null,
          1,
          null,
          1,
          1,
          null
        ]
      },
      "/home/gabriel/Documents/UnB/engenharia_software/camaar/CAMAAR/app/models/matricula.rb": {
        "lines": [
          null,
          null,
          null,
          null,
          null,
          null,
          null,
          null,
          null,
          null,
          null,
          null,
          null,
          null,
          1,
          1,
          1,
          null,
          1,
          null,
          null,
          null,
          null,
          null,
          1,
          null
        ]
      },
      "/home/gabriel/Documents/UnB/engenharia_software/camaar/CAMAAR/app/models/questao.rb": {
        "lines": [
          null,
          null,
          null,
          null,
          null,
          null,
          null,
          null,
          null,
          null,
          null,
          null,
          null,
          null,
          null,
          null,
          null,
          null,
          1,
          1,
          null,
          1,
          null,
          1,
          1,
          null,
          1,
          null,
          1,
          1,
          1,
          null,
          null,
          null,
          null,
          null,
          null,
          null,
          1,
          2,
          null,
          null
        ]
      },
      "/home/gabriel/Documents/UnB/engenharia_software/camaar/CAMAAR/app/models/template_question.rb": {
        "lines": [
          1,
          null,
          1,
          null,
          null,
          null,
          null,
          1,
          null,
          1,
          null,
          1,
          null,
          1,
          1,
          1,
          1,
          1,
          null,
          1,
          57,
          null,
          0,
          null,
          null,
          1,
          51,
          null,
          null,
          1,
          null,
          null,
          null,
          null,
          null,
          1,
          214,
          214,
          null,
          null,
          null,
          null,
          null,
          1,
          214,
          214,
          null,
          null,
          null,
          null,
          null,
          1,
          1,
          null,
          null,
          null,
          null,
          null,
          1,
          214,
          null,
          5,
          null,
          205,
          null,
          4,
          null,
          null,
          null,
          null,
          null,
          null,
          1,
          5,
          5,
          5,
          null,
          null,
          null,
          null,
          null,
          1,
          205,
          205,
          205,
          null,
          null,
          null,
          null,
          null,
          1,
          4,
          4,
          4,
          null,
          null,
          1,
          5,
          5,
          null,
          null,
          1,
          5,
          1,
          null,
          4,
          null,
          null,
          5,
          null,
          null,
          1,
          214,
          null,
          5,
          2,
          null,
          null,
          null,
          null,
          null,
          null,
          null,
          1,
          214,
          205,
          null,
          1,
          null,
          null,
          null,
          null,
          null,
          1,
          205,
          null,
          null,
          1,
          205,
          null,
          null,
          1,
          205,
          null,
          null,
          1,
          205,
          null,
          null
        ]
      },
      "/home/gabriel/Documents/UnB/engenharia_software/camaar/CAMAAR/app/models/resposta_item.rb": {
        "lines": [
          null,
          null,
          null,
          null,
          null,
          null,
          null,
          null,
          null,
          null,
          null,
          null,
          null,
          null,
          1,
          1,
          1,
          null,
          1,
          1,
          null
        ]
      },
      "/home/gabriel/Documents/UnB/engenharia_software/camaar/CAMAAR/app/models/resposta.rb": {
        "lines": [
          null,
          null,
          null,
          null,
          null,
          null,
          null,
          null,
          null,
          null,
          null,
          null,
          null,
          null,
          null,
          null,
          1,
          1,
          null,
          1,
          null,
          null,
          null,
          null,
          null,
          1,
          1,
          null,
          1,
          null,
          1,
          null,
          1,
          null
        ]
      },
      "/home/gabriel/Documents/UnB/engenharia_software/camaar/CAMAAR/app/models/template.rb": {
        "lines": [
          null,
          null,
          null,
          null,
          null,
          null,
          null,
          null,
          null,
          null,
          null,
          null,
          null,
          null,
          1,
          null,
          1,
          null,
          null,
          null,
          null,
          1,
          1,
          1,
          null,
          1,
          null,
          1,
          null,
          1,
          1,
          1,
          1,
          null,
          1,
          null,
          1,
          null,
          null,
          null,
          null,
          null,
          null,
          null,
          1,
          196,
          null,
          null,
          null,
          null,
          null,
          null,
          null,
          null,
          1,
          196,
          null,
          1,
          null,
          null
        ]
      },
      "/home/gabriel/Documents/UnB/engenharia_software/camaar/CAMAAR/app/models/turma.rb": {
        "lines": [
          null,
          null,
          null,
          null,
          null,
          null,
          null,
          null,
          null,
          null,
          null,
          null,
          null,
          null,
          null,
          null,
          null,
          null,
          1,
          1,
          1,
          null,
          1,
          1,
          1,
          null,
          1,
          1,
          null
        ]
      },
      "/home/gabriel/Documents/UnB/engenharia_software/camaar/CAMAAR/app/services/evaluation_batch_creator.rb": {
        "lines": [
          null,
          null,
          null,
          null,
          null,
          null,
          null,
          null,
          null,
          null,
          null,
          null,
          null,
          null,
          null,
          null,
          null,
          null,
          null,
          1,
          null,
          null,
          null,
          null,
          null,
          null,
          1,
          null,
          null,
          null,
          null,
          null,
          null,
          1,
          6,
          null,
          null,
          null,
          null,
          null,
          null,
          null,
          null,
          null,
          null,
          null,
          null,
          null,
          null,
          null,
          null,
          null,
          null,
          null,
          1,
          7,
          null,
          null,
          null,
          null,
          null,
          null,
          null,
          null,
          null,
          null,
          1,
          7,
          7,
          7,
          null,
          null,
          null,
          null,
          null,
          null,
          null,
          null,
          null,
          null,
          null,
          null,
          1,
          7,
          null,
          5,
          4,
          null,
          4,
          null,
          0,
          null,
          1,
          null,
          null,
          1,
          null,
          null,
          null,
          null,
          null,
          null,
          null,
          null,
          null,
          null,
          1,
          3,
          null,
          null,
          null,
          null,
          null,
          null,
          null,
          null,
          null,
          null,
          null,
          1,
          5,
          4,
          4,
          null,
          null,
          null,
          null,
          null,
          null,
          null,
          null,
          null,
          null,
          null,
          null,
          null,
          null,
          null,
          null,
          1,
          4,
          4,
          null,
          4,
          4,
          8,
          null,
          null,
          null,
          4,
          null,
          null,
          null,
          null,
          null,
          null,
          null,
          null,
          null,
          null,
          null,
          null,
          null,
          null,
          null,
          null,
          null,
          null,
          1,
          8,
          1,
          null,
          7,
          null,
          null,
          null,
          null,
          null,
          null,
          null,
          null,
          null,
          null,
          null,
          null,
          null,
          null,
          null,
          null,
          null,
          1,
          7,
          7,
          7,
          null,
          null,
          null,
          null,
          null,
          null,
          null,
          null,
          null,
          null,
          null,
          1,
          0,
          0,
          null,
          null,
          null,
          null,
          null,
          null,
          null,
          null,
          1,
          7,
          null,
          null,
          null,
          null,
          null,
          null,
          null,
          null,
          null,
          null,
          null,
          null,
          null,
          null,
          null,
          1,
          8,
          null,
          null,
          null,
          null,
          null,
          null,
          null,
          null,
          null,
          null,
          null,
          null,
          1,
          null,
          7,
          null,
          null,
          null,
          null,
          null,
          null,
          null,
          null,
          null,
          null,
          null,
          null,
          null,
          null,
          null,
          null,
          null,
          null,
          1,
          7,
          null,
          null,
          null,
          null,
          null,
          null,
          null,
          null,
          1,
          7,
          7,
          null,
          7,
          null,
          null,
          null,
          null,
          null,
          null,
          null,
          null,
          null,
          null,
          null,
          null,
          null,
          null,
          null,
          1,
          7,
          7,
          null,
          null,
          null,
          null,
          null,
          null,
          null,
          null,
          null,
          null,
          null,
          null,
          null
        ]
      },
      "/home/gabriel/Documents/UnB/engenharia_software/camaar/CAMAAR/app/services/evaluation_result_aggregator.rb": {
        "lines": [
          null,
          null,
          null,
          null,
          null,
          null,
          null,
          null,
          null,
          null,
          null,
          1,
          1,
          null,
          null,
          null,
          null,
          null,
          null,
          null,
          1,
          6,
          null,
          null,
          null,
          null,
          null,
          null,
          null,
          null,
          null,
          null,
          null,
          null,
          null,
          null,
          null,
          1,
          null,
          6,
          null,
          null,
          null,
          null,
          null,
          null,
          1,
          null,
          null,
          null,
          null,
          null,
          null,
          null,
          1,
          11,
          null,
          null,
          null,
          null,
          null,
          null,
          null,
          null,
          1,
          6,
          6,
          null,
          5,
          null,
          null,
          null,
          null,
          null,
          null,
          null,
          null,
          1,
          6,
          null,
          null,
          null,
          null,
          null,
          null,
          null,
          null,
          null,
          null,
          null,
          null,
          1,
          6,
          6,
          6,
          null,
          null,
          6,
          null,
          null,
          null,
          null,
          null,
          null,
          null
        ]
      },
      "/home/gabriel/Documents/UnB/engenharia_software/camaar/CAMAAR/app/services/evaluation_results_exporter.rb": {
        "lines": [
          1,
          null,
          null,
          null,
          null,
          null,
          null,
          null,
          null,
          null,
          null,
          null,
          null,
          null,
          1,
          null,
          null,
          null,
          1,
          null,
          1,
          1,
          null,
          null,
          null,
          null,
          null,
          null,
          null,
          null,
          1,
          4,
          null,
          null,
          null,
          null,
          null,
          null,
          null,
          null,
          null,
          null,
          null,
          null,
          null,
          null,
          1,
          3,
          1,
          null,
          1,
          null,
          1,
          null,
          3,
          null,
          null,
          null,
          null,
          null,
          null,
          null,
          null,
          1,
          1,
          1,
          null,
          null,
          1,
          null,
          null,
          null,
          null,
          null,
          null,
          null,
          null,
          1,
          3,
          2,
          null,
          null,
          null,
          null,
          null,
          null,
          null,
          null,
          1,
          1,
          1,
          1,
          null,
          null,
          null,
          null,
          null,
          null,
          null,
          null,
          null,
          null,
          null,
          null,
          1,
          1,
          null,
          null,
          null,
          null,
          null,
          null,
          null,
          null,
          null,
          null,
          null,
          1,
          1,
          1,
          null,
          null,
          null,
          null,
          null,
          null,
          null,
          null,
          null,
          null,
          null,
          null,
          null,
          1,
          1,
          1,
          null,
          null,
          null,
          null,
          null,
          null,
          null,
          null,
          null,
          null,
          null,
          null,
          null,
          1,
          1,
          null,
          null
        ]
      },
      "/home/gabriel/Documents/UnB/engenharia_software/camaar/CAMAAR/app/services/report_generator.rb": {
        "lines": [
          null,
          null,
          null,
          null,
          null,
          null,
          null,
          null,
          null,
          null,
          null,
          null,
          null,
          null,
          null,
          1,
          null,
          null,
          null,
          null,
          null,
          null,
          1,
          3,
          null,
          null,
          null,
          null,
          null,
          null,
          null,
          null,
          null,
          null,
          null,
          null,
          null,
          null,
          null,
          null,
          null,
          null,
          1,
          3,
          4,
          null,
          null,
          4,
          null,
          null,
          null,
          null,
          null,
          null,
          null,
          null,
          null,
          null,
          null,
          null,
          null,
          null,
          null,
          null,
          null,
          null,
          null,
          null,
          null,
          null,
          1,
          1,
          1,
          3,
          1,
          0,
          null,
          3,
          null,
          null,
          null,
          1,
          null,
          null,
          null,
          null,
          null,
          1,
          null,
          1,
          null,
          null,
          null,
          null,
          null,
          null,
          null,
          1,
          3,
          3,
          2,
          null,
          1,
          null,
          null,
          null,
          null,
          null,
          null,
          null,
          null,
          null,
          null,
          null,
          null,
          null,
          1,
          4,
          null,
          null
        ]
      },
      "/home/gabriel/Documents/UnB/engenharia_software/camaar/CAMAAR/app/services/sigaa_importer.rb": {
        "lines": [
          null,
          null,
          null,
          null,
          null,
          null,
          null,
          null,
          null,
          null,
          null,
          null,
          null,
          1,
          null,
          null,
          null,
          1,
          1,
          null,
          null,
          null,
          null,
          null,
          null,
          null,
          1,
          19,
          19,
          19,
          19,
          19,
          19,
          null,
          null,
          null,
          null,
          null,
          null,
          null,
          null,
          1,
          49,
          null,
          null,
          null,
          null,
          null,
          null,
          null,
          null,
          1,
          27,
          null,
          null,
          null,
          null,
          null,
          null,
          null,
          null,
          1,
          26,
          null,
          null,
          null,
          null,
          null,
          null,
          null,
          null,
          1,
          14,
          null,
          null,
          null,
          null,
          null,
          null,
          null,
          null,
          1,
          13,
          null,
          null,
          1,
          null,
          1,
          13,
          13,
          null,
          null,
          1,
          13,
          13,
          13,
          13,
          null,
          null,
          null,
          1,
          0,
          null,
          null,
          1,
          0,
          null,
          null,
          null,
          null,
          null,
          null,
          null,
          null,
          null,
          null,
          null,
          null,
          null,
          null,
          null,
          null,
          null,
          null,
          1,
          19,
          null,
          null,
          null,
          null,
          null,
          null,
          null,
          null,
          null,
          null,
          1,
          19,
          19,
          19,
          null,
          null,
          null,
          null,
          null,
          null,
          null,
          null,
          null,
          null,
          null,
          null,
          null,
          1,
          19,
          19,
          null,
          18,
          18,
          18,
          null,
          null,
          18,
          null,
          0,
          0,
          0,
          null,
          0,
          0,
          0,
          null,
          null,
          1,
          null,
          1,
          19,
          1,
          1,
          null,
          null,
          null,
          1,
          18,
          18,
          null,
          15,
          27,
          null,
          null,
          null,
          1,
          17,
          17,
          null,
          17,
          31,
          null,
          null,
          null,
          1,
          35,
          35,
          null,
          3,
          3,
          3,
          null,
          null,
          1,
          27,
          27,
          null,
          null,
          1,
          27,
          null,
          27,
          26,
          null,
          1,
          null,
          null,
          27,
          null,
          null,
          1,
          26,
          26,
          26,
          null,
          0,
          null,
          null,
          null,
          1,
          1,
          null,
          0,
          0,
          0,
          null,
          0,
          null,
          null,
          null,
          1,
          27,
          null,
          27,
          26,
          null,
          1,
          null,
          null,
          null,
          1,
          27,
          null,
          null,
          null,
          null,
          null,
          null,
          1,
          26,
          26,
          null,
          26,
          26,
          null,
          0,
          null,
          null,
          null,
          1,
          1,
          null,
          0,
          0,
          0,
          null,
          0,
          null,
          null,
          null,
          null,
          null,
          null,
          null,
          null,
          null,
          null,
          null,
          null,
          null,
          1,
          31,
          31,
          null,
          27,
          27,
          null,
          null,
          null,
          null,
          null,
          1,
          31,
          31,
          4,
          4,
          null,
          null,
          27,
          null,
          null,
          null,
          null,
          null,
          27,
          0,
          0,
          null,
          null,
          27,
          null,
          null,
          null,
          null,
          null,
          1,
          27,
          null,
          27,
          27,
          null,
          null,
          null,
          null,
          null,
          1,
          27,
          null,
          26,
          26,
          null,
          null,
          null,
          null,
          null,
          1,
          27,
          null,
          27,
          39,
          null,
          null,
          null,
          null,
          null,
          null,
          null,
          null,
          null,
          null,
          null,
          null,
          null,
          null,
          null,
          null,
          null,
          1,
          27,
          27,
          null,
          27,
          26,
          null,
          1,
          null,
          null,
          27,
          null,
          null,
          1,
          26,
          26,
          null,
          26,
          26,
          26,
          null,
          0,
          null,
          null,
          null,
          1,
          26,
          26,
          26,
          26,
          26,
          null,
          null,
          1,
          26,
          26,
          26,
          null,
          null,
          1,
          1,
          null,
          0,
          null,
          0,
          0,
          null,
          0,
          null,
          null,
          null,
          1,
          null,
          1,
          null,
          null,
          null,
          null,
          null,
          null,
          6,
          1,
          1,
          null,
          null,
          null,
          null,
          null,
          null,
          null,
          null,
          null,
          null,
          null,
          null,
          null,
          null,
          null,
          null,
          null,
          null,
          1,
          39,
          39,
          null,
          39,
          39,
          null,
          null,
          1,
          39,
          36,
          null,
          3,
          null,
          null,
          null,
          1,
          36,
          36,
          null,
          36,
          36,
          36,
          36,
          null,
          0,
          0,
          null,
          null,
          null,
          1,
          38,
          38,
          38,
          38,
          38,
          38,
          null,
          null,
          1,
          36,
          36,
          36,
          null,
          null,
          1,
          3,
          null,
          2,
          null,
          2,
          2,
          2,
          null,
          0,
          0,
          null,
          null,
          null,
          1,
          null,
          3,
          null,
          null,
          null,
          null,
          null,
          null,
          null,
          11,
          3,
          3,
          null,
          null,
          1,
          39,
          null,
          39,
          38,
          null,
          1,
          null,
          null,
          null,
          1,
          38,
          38,
          null,
          38,
          38,
          null,
          0,
          null,
          null,
          null,
          1,
          1,
          null,
          0,
          0,
          0,
          null,
          0,
          null,
          null,
          null,
          1,
          26,
          14,
          14,
          14,
          14,
          null,
          null,
          null,
          1,
          null,
          62,
          62,
          null,
          0,
          null,
          null,
          null,
          0,
          0,
          null,
          null
        ]
      },
      "/home/gabriel/Documents/UnB/engenharia_software/camaar/CAMAAR/app/controllers/application_controller.rb": {
        "lines": [
          null,
          null,
          null,
          null,
          1,
          null,
          1,
          null,
          null,
          1,
          null,
          1,
          null,
          1,
          null,
          1,
          null,
          null,
          null,
          null,
          null,
          null,
          null,
          null,
          null,
          null,
          1,
          624,
          null,
          null,
          null,
          null,
          null,
          null,
          null,
          null,
          null,
          null,
          null,
          1,
          158,
          null,
          null,
          null,
          null,
          null,
          null,
          null,
          null,
          null,
          null,
          null,
          null,
          null,
          1,
          105,
          6,
          6,
          null,
          null,
          null
        ]
      },
      "/home/gabriel/Documents/UnB/engenharia_software/camaar/CAMAAR/app/controllers/avaliacoes_controller.rb": {
        "lines": [
          1,
          null,
          null,
          null,
          null,
          null,
          null,
          1,
          1,
          1,
          null,
          null,
          null,
          null,
          null,
          null,
          null,
          1,
          null,
          null,
          null,
          null,
          null,
          null,
          null,
          1,
          88,
          85,
          null,
          null,
          null,
          null,
          3,
          null,
          null,
          null,
          null,
          null,
          null,
          null,
          null,
          null,
          null,
          null,
          null,
          null,
          null,
          null,
          null,
          1,
          20,
          null,
          20,
          19,
          18,
          null,
          16,
          null,
          null,
          1,
          null,
          1,
          28,
          null,
          1,
          1,
          null,
          null,
          1,
          27,
          null,
          1,
          1,
          null,
          null,
          1,
          18,
          18,
          null,
          2,
          2,
          null,
          null,
          1,
          4,
          4,
          null,
          null,
          1,
          16,
          16,
          null,
          null,
          1,
          null,
          null,
          null,
          null,
          null,
          null,
          null,
          null,
          null,
          null,
          null,
          null,
          null,
          null,
          null,
          null,
          null,
          1,
          8,
          null,
          8,
          8,
          null,
          8,
          8,
          null,
          null,
          null,
          null,
          null,
          1,
          8,
          null,
          null,
          null,
          null,
          null,
          1,
          8,
          null,
          8,
          0,
          0,
          null,
          null,
          8,
          8,
          null,
          null,
          1,
          8,
          null,
          null,
          1,
          8,
          6,
          null,
          2,
          null,
          null,
          null,
          1,
          6,
          6,
          null,
          6,
          6,
          6,
          null,
          0,
          null,
          null,
          null,
          1,
          2,
          2,
          null,
          2,
          2,
          null,
          null,
          null,
          null,
          null,
          null,
          null,
          null,
          null,
          null,
          null,
          1,
          3,
          3,
          null,
          3,
          null,
          null,
          1,
          null,
          1,
          3,
          null,
          null,
          1,
          3,
          2,
          null,
          1,
          1,
          null,
          null,
          null,
          1,
          6,
          null,
          0,
          null,
          null,
          1,
          10,
          10,
          10,
          10,
          null,
          null,
          1,
          7,
          null,
          null,
          1,
          7,
          null,
          null,
          1,
          10,
          10,
          10,
          null,
          null,
          1,
          2,
          2,
          2,
          null,
          null,
          1,
          8,
          8,
          null,
          6,
          null,
          null,
          1,
          8,
          null,
          8,
          14,
          14,
          2,
          2,
          null,
          null,
          null,
          6,
          null,
          null,
          1,
          6,
          16,
          16,
          16,
          null,
          14,
          null,
          null,
          6,
          null,
          null,
          1,
          16,
          null,
          null,
          1,
          16,
          null,
          null,
          1,
          14,
          14,
          null,
          14,
          0,
          0,
          null,
          null,
          14,
          null,
          null
        ]
      },
      "/home/gabriel/Documents/UnB/engenharia_software/camaar/CAMAAR/app/controllers/passwords_controller.rb": {
        "lines": [
          null,
          null,
          null,
          null,
          null,
          null,
          1,
          1,
          null,
          null,
          null,
          null,
          null,
          null,
          null,
          null,
          null,
          null,
          null,
          null,
          null,
          null,
          null,
          1,
          5,
          5,
          null,
          5,
          2,
          2,
          null,
          null,
          null,
          null,
          null,
          null,
          null,
          null,
          null,
          null,
          null,
          null,
          null,
          null,
          null,
          null,
          null,
          null,
          null,
          null,
          null,
          1,
          9,
          null,
          9,
          8,
          null,
          5,
          null,
          null,
          null,
          null,
          null,
          null,
          null,
          null,
          null,
          null,
          null,
          1,
          9,
          1,
          1,
          1,
          null,
          8,
          null,
          null,
          null,
          null,
          null,
          null,
          null,
          null,
          null,
          null,
          null,
          null,
          1,
          8,
          3,
          3,
          3,
          3,
          null,
          5,
          null,
          null,
          null,
          null,
          null,
          null,
          null,
          null,
          null,
          null,
          null,
          1,
          5,
          5,
          null,
          null,
          null,
          null,
          null,
          null,
          null,
          null,
          1,
          5,
          5,
          5,
          5,
          null,
          null,
          null,
          null,
          null,
          null,
          null,
          null,
          null,
          null,
          null,
          null,
          null,
          1,
          5,
          5,
          null,
          0,
          null,
          null,
          null,
          null,
          null,
          null,
          null,
          null,
          null,
          null,
          null,
          1,
          5,
          5,
          5,
          null,
          null,
          null,
          null,
          null,
          null,
          null,
          null,
          null,
          null,
          1,
          0,
          0,
          0,
          null,
          null,
          null,
          null,
          null,
          null,
          null,
          null,
          1,
          null,
          null,
          null,
          1,
          null,
          null,
          null,
          null,
          null,
          null,
          null,
          null,
          null,
          null,
          1,
          12,
          12,
          null,
          null,
          null,
          null,
          null,
          null,
          null,
          null,
          null,
          null,
          null,
          null,
          null,
          null,
          null,
          null,
          1,
          5,
          5,
          0,
          0,
          null,
          0,
          null,
          null,
          null
        ]
      },
      "/home/gabriel/Documents/UnB/engenharia_software/camaar/CAMAAR/app/controllers/resultados_controller.rb": {
        "lines": [
          null,
          null,
          null,
          null,
          1,
          1,
          null,
          null,
          null,
          null,
          null,
          null,
          null,
          null,
          null,
          null,
          null,
          null,
          null,
          null,
          1,
          2,
          2,
          2,
          2,
          2,
          null,
          null,
          null,
          null,
          null,
          null,
          null,
          null,
          null,
          null,
          null,
          null,
          null,
          null,
          1,
          1,
          null,
          null,
          null,
          null,
          null,
          null,
          null,
          null,
          null,
          null,
          null,
          null,
          null,
          null,
          null,
          null,
          1,
          3,
          3,
          null,
          null,
          null,
          null,
          1,
          null,
          1,
          null,
          null,
          1,
          null,
          null,
          null,
          null,
          null,
          null,
          null,
          null,
          null,
          null,
          1,
          2,
          2,
          2,
          null,
          2,
          2,
          null,
          null,
          null,
          null,
          null,
          null,
          null,
          null,
          null,
          null,
          null,
          null,
          null,
          null,
          null,
          null,
          null,
          null,
          1,
          5,
          5,
          null,
          1,
          null,
          null,
          null,
          null,
          null,
          null,
          null,
          null,
          null,
          null,
          null,
          1,
          2,
          2,
          null,
          null,
          null,
          null,
          null,
          null,
          null,
          null,
          null,
          null,
          null,
          1,
          2,
          2,
          2,
          null,
          null,
          null,
          null,
          null,
          null,
          null,
          null,
          null,
          null,
          null,
          null,
          null,
          null,
          1,
          1,
          null,
          0,
          null,
          null
        ]
      },
      "/home/gabriel/Documents/UnB/engenharia_software/camaar/CAMAAR/app/controllers/sessions_controller.rb": {
        "lines": [
          null,
          null,
          null,
          null,
          null,
          null,
          1,
          1,
          null,
          null,
          null,
          null,
          null,
          null,
          null,
          null,
          null,
          null,
          null,
          1,
          54,
          null,
          null,
          null,
          null,
          null,
          null,
          null,
          null,
          null,
          null,
          null,
          null,
          null,
          null,
          null,
          null,
          null,
          null,
          1,
          51,
          null,
          51,
          45,
          null,
          43,
          null,
          null,
          null,
          null,
          null,
          null,
          null,
          null,
          null,
          null,
          null,
          null,
          1,
          4,
          4,
          null,
          null,
          1,
          null,
          1,
          51,
          null,
          null,
          1,
          45,
          null,
          null,
          1,
          6,
          6,
          null,
          null,
          1,
          2,
          2,
          null,
          null,
          1,
          43,
          43,
          null,
          null,
          null,
          null,
          null,
          null,
          null,
          null,
          null,
          null,
          null,
          null,
          null,
          null,
          null,
          null,
          1,
          44,
          42,
          2,
          2,
          null,
          0,
          null,
          null,
          null
        ]
      },
      "/home/gabriel/Documents/UnB/engenharia_software/camaar/CAMAAR/app/controllers/templates_controller.rb": {
        "lines": [
          null,
          null,
          null,
          null,
          1,
          1,
          1,
          1,
          1,
          null,
          null,
          null,
          null,
          null,
          null,
          null,
          null,
          null,
          null,
          1,
          11,
          11,
          null,
          null,
          null,
          null,
          null,
          null,
          null,
          null,
          null,
          null,
          null,
          null,
          null,
          null,
          1,
          1,
          1,
          null,
          null,
          null,
          null,
          null,
          null,
          null,
          null,
          null,
          null,
          null,
          null,
          null,
          null,
          null,
          null,
          null,
          1,
          3,
          null,
          3,
          2,
          2,
          null,
          1,
          1,
          1,
          1,
          null,
          null,
          null,
          null,
          null,
          null,
          null,
          null,
          null,
          null,
          null,
          null,
          null,
          null,
          null,
          null,
          null,
          null,
          null,
          1,
          2,
          2,
          2,
          null,
          0,
          0,
          0,
          0,
          null,
          null,
          null,
          null,
          null,
          null,
          null,
          null,
          null,
          null,
          null,
          null,
          null,
          null,
          null,
          null,
          1,
          1,
          1,
          1,
          null,
          0,
          null,
          null,
          null,
          1,
          null,
          null,
          null,
          null,
          null,
          null,
          null,
          1,
          5,
          null,
          null,
          null,
          null,
          null,
          null,
          null,
          null,
          null,
          null,
          null,
          null,
          null,
          1,
          13,
          13,
          13,
          13,
          null,
          null,
          null,
          null,
          null,
          null,
          null,
          null,
          1,
          18,
          null,
          null,
          null,
          null,
          null,
          null,
          null,
          null,
          null,
          null,
          null,
          1,
          4,
          4,
          null,
          null,
          null,
          null,
          null,
          null,
          null,
          null,
          null,
          null,
          null,
          1,
          4,
          null,
          4,
          null,
          0,
          null,
          null,
          null,
          null,
          null,
          null,
          null,
          null,
          1,
          5,
          5,
          null,
          0,
          null,
          null,
          null,
          null,
          null,
          null,
          null,
          null,
          null,
          null,
          1,
          13,
          13,
          null,
          null,
          null,
          null,
          null,
          1,
          13,
          13,
          13,
          null,
          null,
          null,
          null,
          null,
          1,
          13,
          null,
          null,
          null,
          null,
          null,
          1,
          48,
          null,
          null,
          null,
          null,
          null,
          1,
          35,
          null,
          null,
          null,
          null,
          null,
          null,
          null,
          null
        ]
      },
      "/home/gabriel/Documents/UnB/engenharia_software/camaar/CAMAAR/app/controllers/sigaa_imports_controller.rb": {
        "lines": [
          null,
          null,
          null,
          null,
          null,
          1,
          1,
          null,
          null,
          null,
          null,
          null,
          null,
          null,
          null,
          null,
          null,
          1,
          null,
          null,
          null,
          null,
          null,
          null,
          null,
          null,
          null,
          null,
          null,
          null,
          1,
          null,
          null,
          null,
          null,
          null,
          null,
          null,
          null,
          null,
          null,
          null,
          null,
          null,
          null,
          null,
          null,
          null,
          null,
          null,
          1,
          16,
          null,
          null,
          null,
          null,
          null,
          16,
          13,
          13,
          null,
          3,
          3,
          null,
          null,
          null,
          null,
          null,
          null,
          null,
          null,
          null,
          null,
          null,
          null,
          null,
          null,
          1,
          4,
          null,
          3,
          null,
          null,
          1,
          null,
          null,
          null,
          null,
          1,
          4,
          1,
          1,
          1,
          null,
          3,
          null,
          null,
          null,
          null,
          null,
          1,
          4,
          null,
          null,
          1,
          7,
          null,
          null,
          1,
          6,
          null,
          null,
          1,
          1,
          null,
          null,
          null,
          null,
          null,
          1,
          3,
          null,
          null,
          null,
          null,
          null,
          3,
          3,
          null,
          null,
          null,
          null,
          null,
          1,
          3,
          3,
          null,
          0,
          null,
          null,
          null,
          null,
          null,
          null,
          null,
          null,
          null,
          null,
          null,
          null,
          null,
          1,
          27,
          2,
          2,
          null,
          null
        ]
      },
      "/home/gabriel/Documents/UnB/engenharia_software/camaar/CAMAAR/app/jobs/application_job.rb": {
        "lines": [
          0,
          null,
          null,
          null,
          null,
          null,
          0
        ],
        "branches": {}
      }
    },
    "timestamp": 1765809574
  }
}
